2022-07-05 18:15:51.931612 >> ssh login error :  Segment error or Dfferent account name or IP address
2022-07-05 18:15:52.087865 >> ssh login error :  Segment error or Dfferent account name or IP address
2022-07-05 18:15:52.244768 >> ssh login error :  Segment error or Dfferent account name or IP address
2022-07-05 18:15:52.404273 >> ssh login error :  Segment error or Dfferent account name or IP address
2022-07-05 18:15:52.562681 >> ssh login error :  Segment error or Dfferent account name or IP address
2022-07-05 18:15:52.720073 >> ssh login error :  Segment error or Dfferent account name or IP address
2022-07-05 18:15:52.879831 >> ssh login error :  Segment error or Dfferent account name or IP address
2022-07-05 18:15:53.036568 >> ssh login error :  Segment error or Dfferent account name or IP address
2022-07-05 18:18:12.419881 >> ssh login error :  Segment error or Dfferent account name or IP address
2022-07-05 18:18:12.577029 >> ssh login error :  Segment error or Dfferent account name or IP address
2022-07-05 18:18:12.736209 >> ssh login error :  Segment error or Dfferent account name or IP address
2022-07-05 18:18:12.895865 >> ssh login error :  Segment error or Dfferent account name or IP address
2022-07-05 18:18:13.052801 >> ssh login error :  Segment error or Dfferent account name or IP address
2022-07-05 18:18:13.210807 >> ssh login error :  Segment error or Dfferent account name or IP address
2022-07-05 18:18:13.368311 >> ssh login error :  Segment error or Dfferent account name or IP address
2022-07-05 18:18:13.528452 >> ssh login error :  Segment error or Dfferent account name or IP address
2022-07-05 18:18:30.216333 >> ssh login error :  Segment error or Dfferent account name or IP address
2022-07-05 18:18:30.376117 >> ssh login error :  Segment error or Dfferent account name or IP address
2022-07-05 18:18:30.532646 >> ssh login error :  Segment error or Dfferent account name or IP address
2022-07-05 18:18:30.691927 >> ssh login error :  Segment error or Dfferent account name or IP address
2022-07-05 18:18:30.848491 >> ssh login error :  Segment error or Dfferent account name or IP address
2022-07-05 18:18:31.008281 >> ssh login error :  Segment error or Dfferent account name or IP address
2022-07-05 18:18:31.167768 >> ssh login error :  Segment error or Dfferent account name or IP address
2022-07-05 18:18:31.325109 >> ssh login error :  Segment error or Dfferent account name or IP address
2022-07-05 18:19:26.439815 >> ssh login error :  Segment error or Dfferent account name or IP address
2022-07-05 18:19:26.596953 >> ssh login error :  Segment error or Dfferent account name or IP address
2022-07-05 18:19:26.754828 >> ssh login error :  Segment error or Dfferent account name or IP address
2022-07-05 18:19:26.912359 >> ssh login error :  Segment error or Dfferent account name or IP address
2022-07-05 18:19:27.071665 >> ssh login error :  Segment error or Dfferent account name or IP address
2022-07-05 18:19:27.228566 >> ssh login error :  Segment error or Dfferent account name or IP address
2022-07-05 18:19:27.387998 >> ssh login error :  Segment error or Dfferent account name or IP address
2022-07-05 18:19:27.546999 >> ssh login error :  Segment error or Dfferent account name or IP address
2022-07-05 18:20:48.293066 >> ssh login error :  Segment error or Dfferent account name or IP address
2022-07-05 18:20:48.451773 >> ssh login error :  Segment error or Dfferent account name or IP address
2022-07-05 18:20:48.608630 >> ssh login error :  Segment error or Dfferent account name or IP address
2022-07-05 18:20:48.768370 >> ssh login error :  Segment error or Dfferent account name or IP address
2022-07-05 18:20:48.928089 >> ssh login error :  Segment error or Dfferent account name or IP address
2022-07-05 18:20:49.087821 >> ssh login error :  Segment error or Dfferent account name or IP address
2022-07-05 18:20:49.244601 >> ssh login error :  Segment error or Dfferent account name or IP address
2022-07-05 18:20:49.404380 >> ssh login error :  Segment error or Dfferent account name or IP address
2022-07-05 18:06:29.474945 >> ssh login error :  Segment error or Dfferent account name or IP address
2022-07-05 18:06:29.633183 >> ssh login error :  Segment error or Dfferent account name or IP address
2022-07-05 18:06:29.792871 >> ssh login error :  Segment error or Dfferent account name or IP address
2022-07-05 18:06:29.952887 >> ssh login error :  Segment error or Dfferent account name or IP address
2022-07-05 18:06:30.109206 >> ssh login error :  Segment error or Dfferent account name or IP address
2022-07-05 18:06:30.268986 >> ssh login error :  Segment error or Dfferent account name or IP address
2022-07-05 18:06:30.428630 >> ssh login error :  Segment error or Dfferent account name or IP address
2022-07-05 18:07:23.061246 >> ssh login error :  Segment error or Dfferent account name or IP address
2022-07-05 18:07:23.220671 >> ssh login error :  Segment error or Dfferent account name or IP address
2022-07-05 18:07:23.380374 >> ssh login error :  Segment error or Dfferent account name or IP address
2022-07-05 18:07:23.537043 >> ssh login error :  Segment error or Dfferent account name or IP address
2022-07-05 18:07:23.696568 >> ssh login error :  Segment error or Dfferent account name or IP address
2022-07-05 18:07:23.852950 >> ssh login error :  Segment error or Dfferent account name or IP address
2022-07-05 18:07:24.008384 >> ssh login error :  Segment error or Dfferent account name or IP address
2022-07-05 18:08:39.265295 >> ssh login error :  Segment error or Dfferent account name or IP address
2022-07-05 18:08:39.425358 >> ssh login error :  Segment error or Dfferent account name or IP address
2022-07-05 18:08:39.585413 >> ssh login error :  Segment error or Dfferent account name or IP address
2022-07-05 18:08:39.743097 >> ssh login error :  Segment error or Dfferent account name or IP address
2022-07-05 18:08:39.900702 >> ssh login error :  Segment error or Dfferent account name or IP address
2022-07-05 18:08:40.061004 >> ssh login error :  Segment error or Dfferent account name or IP address
2022-07-05 18:08:40.220973 >> ssh login error :  Segment error or Dfferent account name or IP address
2022-07-05 18:13:10.190099 >> ssh login error :  Segment error or Dfferent account name or IP address
2022-07-05 18:13:20.345497 >> ssh login error :  Segment error or Dfferent account name or IP address
2022-07-05 18:13:23.566107 >> ssh login error :  Segment error or Dfferent account name or IP address
2022-07-05 18:13:26.798130 >> ssh login error :  Segment error or Dfferent account name or IP address
2022-07-05 18:13:30.030066 >> ssh login error :  Segment error or Dfferent account name or IP address
2022-07-05 18:13:33.262098 >> ssh login error :  Segment error or Dfferent account name or IP address
2022-07-05 18:13:58.446078 >> ssh login error :  Segment error or Dfferent account name or IP address
2022-07-05 18:14:08.601447 >> ssh login error :  Segment error or Dfferent account name or IP address
2022-07-05 18:14:11.822019 >> ssh login error :  Segment error or Dfferent account name or IP address
2022-07-05 18:14:15.053887 >> ssh login error :  Segment error or Dfferent account name or IP address
2022-07-05 18:14:18.285982 >> ssh login error :  Segment error or Dfferent account name or IP address
2022-07-05 18:14:21.518075 >> ssh login error :  Segment error or Dfferent account name or IP address
2022-07-05 18:20:45.806129 >> ssh login error :  Segment error or Dfferent account name or IP address
2022-07-05 18:20:55.963529 >> ssh login error :  Segment error or Dfferent account name or IP address
2022-07-05 18:20:59.182051 >> ssh login error :  Segment error or Dfferent account name or IP address
2022-07-05 18:21:02.414004 >> ssh login error :  Segment error or Dfferent account name or IP address
2022-07-05 18:21:05.646136 >> ssh login error :  Segment error or Dfferent account name or IP address
2022-07-05 18:21:08.878157 >> ssh login error :  Segment error or Dfferent account name or IP address
2022-07-05 18:23:35.022021 >> ssh login error :  Segment error or Dfferent account name or IP address
2022-07-05 18:23:41.102083 >> ssh login error :  Segment error or Dfferent account name or IP address
2022-07-05 18:23:44.333988 >> ssh login error :  Segment error or Dfferent account name or IP address
2022-07-05 18:23:47.566255 >> ssh login error :  Segment error or Dfferent account name or IP address
2022-07-05 18:23:50.797976 >> ssh login error :  Segment error or Dfferent account name or IP address
2022-07-05 18:24:25.774050 >> ssh login error :  Segment error or Dfferent account name or IP address
2022-07-05 18:24:31.822107 >> ssh login error :  Segment error or Dfferent account name or IP address
2022-07-05 18:24:37.870106 >> ssh login error :  Segment error or Dfferent account name or IP address
2022-07-05 18:24:41.101952 >> ssh login error :  Segment error or Dfferent account name or IP address
2022-07-05 18:24:44.333994 >> ssh login error :  Segment error or Dfferent account name or IP address
2022-07-05 18:24:47.565928 >> ssh login error :  Segment error or Dfferent account name or IP address
2022-07-05 18:24:50.798560 >> ssh login error :  Segment error or Dfferent account name or IP address
2022-07-05 18:31:16.846297 >> ssh login error :  AP1 Segment error or Dfferent account name or IP address
2022-07-05 18:31:22.894338 >> ssh login error :  AP3 Segment error or Dfferent account name or IP address
2022-07-05 18:31:28.942243 >> ssh login error :  AP5 Segment error or Dfferent account name or IP address
2022-07-05 18:31:32.173941 >> ssh login error :  AP6 Segment error or Dfferent account name or IP address
2022-07-05 18:31:35.406026 >> ssh login error :  AP7 Segment error or Dfferent account name or IP address
2022-07-05 18:31:38.638082 >> ssh login error :  AP8 Segment error or Dfferent account name or IP address
2022-07-05 18:31:41.870031 >> ssh login error :  AP9 Segment error or Dfferent account name or IP address
2022-07-05 20:21:20.173998 >> :  AP1 Segment error or Dfferent account name or IP address
2022-07-05 20:21:26.222321 >> :  AP3 Segment error or Dfferent account name or IP address
2022-07-05 20:21:32.270052 >> :  AP5 Segment error or Dfferent account name or IP address
2022-07-05 20:21:35.502087 >> :  AP6 Segment error or Dfferent account name or IP address
2022-07-05 20:21:38.734101 >> :  AP7 Segment error or Dfferent account name or IP address
2022-07-05 20:21:41.966214 >> :  AP8 Segment error or Dfferent account name or IP address
2022-07-05 20:21:45.198106 >> :  AP9 Segment error or Dfferent account name or IP address
2022-07-05 20:36:51.278880 >> :  AP1 Segment error or Dfferent account name or IP address
2022-07-05 20:41:17.390030 >> :  AP1 Segment error or Dfferent account name or IP address
2022-07-05 20:45:02.798717 >> :  AP1 Segment error or Dfferent account name or IP address
2022-07-05 20:46:21.038133 >> :  AP1 Segment error or Dfferent account name or IP address
2022-07-05 20:48:29.582223 >> :  AP1 Segment error or Dfferent account name or IP address
2022-07-05 20:49:53.326269 >> :  AP1 Segment error or Dfferent account name or IP address
2022-07-05 20:51:56.814121 >> :  AP1 Segment error or Dfferent account name or IP address
2022-07-05 20:52:36.942269 >> :  AP1 Segment error or Dfferent account name or IP address
2022-07-05 20:57:30.702107 >> :  AP1 Segment error or Dfferent account name or IP address
2022-07-05 20:58:59.150075 >> :  AP1 Segment error or Dfferent account name or IP address
2022-07-05 20:59:35.950424 >> :  AP1 Segment error or Dfferent account name or IP address
2022-07-05 20:59:41.998086 >> :  AP3 Segment error or Dfferent account name or IP address
2022-07-05 20:59:48.046169 >> :  AP5 Segment error or Dfferent account name or IP address
2022-07-05 20:59:51.278032 >> :  AP6 Segment error or Dfferent account name or IP address
2022-07-05 20:59:54.510027 >> :  AP7 Segment error or Dfferent account name or IP address
2022-07-05 20:59:57.742109 >> :  AP8 Segment error or Dfferent account name or IP address
2022-07-05 21:00:00.973913 >> :  AP9 Segment error or Dfferent account name or IP address
2022-07-05 21:02:12.750102 >> :  AP1 Segment error or Dfferent account name or IP address
2022-07-05 21:02:18.798269 >> :  AP3 Segment error or Dfferent account name or IP address
2022-07-05 21:02:24.846122 >> :  AP5 Segment error or Dfferent account name or IP address
2022-07-05 21:02:28.078019 >> :  AP6 Segment error or Dfferent account name or IP address
2022-07-05 21:02:31.310227 >> :  AP7 Segment error or Dfferent account name or IP address
2022-07-05 21:02:34.541957 >> :  AP8 Segment error or Dfferent account name or IP address
2022-07-05 21:02:37.773797 >> :  AP9 Segment error or Dfferent account name or IP address
2022-07-05 21:27:35.918164 >> :  AP1 Segment error or Dfferent account name or IP address
2022-07-05 21:28:18.862224 >> :  AP1 Segment error or Dfferent account name or IP address
2022-07-05 21:28:24.846150 >> :  AP3 Segment error or Dfferent account name or IP address
2022-07-05 21:28:30.830490 >> :  AP5 Segment error or Dfferent account name or IP address
2022-07-05 21:28:34.062175 >> :  AP6 Segment error or Dfferent account name or IP address
2022-07-05 21:28:37.294199 >> :  AP7 Segment error or Dfferent account name or IP address
2022-07-05 21:28:40.526076 >> :  AP8 Segment error or Dfferent account name or IP address
2022-07-05 21:28:43.758127 >> :  AP9 Segment error or Dfferent account name or IP address
2022-07-05 21:30:11.919059 >> :  AP1 Segment error or Dfferent account name or IP address
2022-07-05 21:30:17.902082 >> :  AP3 Segment error or Dfferent account name or IP address
2022-07-05 21:30:23.886064 >> :  AP5 Segment error or Dfferent account name or IP address
2022-07-05 21:30:27.118034 >> :  AP6 Segment error or Dfferent account name or IP address
2022-07-05 21:30:30.350115 >> :  AP7 Segment error or Dfferent account name or IP address
2022-07-05 21:30:33.582089 >> :  AP8 Segment error or Dfferent account name or IP address
2022-07-05 21:30:36.814204 >> :  AP9 Segment error or Dfferent account name or IP address
2022-07-05 21:31:51.310192 >> :  AP1 Segment error or Dfferent account name or IP address
2022-07-05 21:31:57.294076 >> :  AP3 Segment error or Dfferent account name or IP address
2022-07-05 21:32:03.278072 >> :  AP5 Segment error or Dfferent account name or IP address
2022-07-05 21:32:06.510118 >> :  AP6 Segment error or Dfferent account name or IP address
2022-07-05 21:32:09.741938 >> :  AP7 Segment error or Dfferent account name or IP address
2022-07-05 21:32:12.974334 >> :  AP8 Segment error or Dfferent account name or IP address
2022-07-05 21:32:16.206190 >> :  AP9 Segment error or Dfferent account name or IP address
2022-07-05 21:32:16.371569 >> :  Cannot Create List Error
2022-07-05 21:38:31.918079 >> :  AP1 Segment error or Dfferent account name or IP address
2022-07-05 21:38:37.901542 >> :  AP3 Segment error or Dfferent account name or IP address
2022-07-05 21:38:43.886370 >> :  AP5 Segment error or Dfferent account name or IP address
2022-07-05 21:38:47.118052 >> :  AP6 Segment error or Dfferent account name or IP address
2022-07-05 21:38:50.350045 >> :  AP7 Segment error or Dfferent account name or IP address
2022-07-05 21:38:53.582168 >> :  AP8 Segment error or Dfferent account name or IP address
2022-07-05 21:38:56.814148 >> :  AP9 Segment error or Dfferent account name or IP address
2022-07-05 21:38:56.984794 >> :  Cannot Create List Error
2022-07-05 21:44:30.446746 >> :  AP1 Segment error or Dfferent account name or IP address
2022-07-05 21:44:36.430404 >> :  AP3 Segment error or Dfferent account name or IP address
2022-07-05 21:44:42.414471 >> :  AP5 Segment error or Dfferent account name or IP address
2022-07-05 21:44:45.646138 >> :  AP6 Segment error or Dfferent account name or IP address
2022-07-05 21:44:48.878176 >> :  AP7 Segment error or Dfferent account name or IP address
2022-07-05 21:44:52.110222 >> :  AP8 Segment error or Dfferent account name or IP address
2022-07-05 21:44:55.342096 >> :  AP9 Segment error or Dfferent account name or IP address
2022-07-05 21:50:08.590120 >> :  AP1 Segment error or Dfferent account name or IP address
2022-07-05 21:50:14.574126 >> :  AP3 Segment error or Dfferent account name or IP address
2022-07-05 21:50:20.558093 >> :  AP5 Segment error or Dfferent account name or IP address
2022-07-05 21:50:23.790091 >> :  AP6 Segment error or Dfferent account name or IP address
2022-07-05 21:50:27.022131 >> :  AP7 Segment error or Dfferent account name or IP address
2022-07-05 21:50:30.254087 >> :  AP8 Segment error or Dfferent account name or IP address
2022-07-05 21:50:33.486183 >> :  AP9 Segment error or Dfferent account name or IP address
2022-07-05 21:50:33.654166 >> :  Cannot Create List Error
2022-07-05 21:58:38.510235 >> :  AP1 Segment error or Dfferent account name or IP address
2022-07-05 21:58:44.494182 >> :  AP3 Segment error or Dfferent account name or IP address
2022-07-05 21:58:50.478148 >> :  AP5 Segment error or Dfferent account name or IP address
2022-07-05 21:58:53.710078 >> :  AP6 Segment error or Dfferent account name or IP address
2022-07-05 21:58:56.942089 >> :  AP7 Segment error or Dfferent account name or IP address
2022-07-05 21:59:00.174046 >> :  AP8 Segment error or Dfferent account name or IP address
2022-07-05 21:59:03.406090 >> :  AP9 Segment error or Dfferent account name or IP address
2022-07-05 21:59:03.570665 >> :  Cannot Create List Error
2022-07-05 22:01:31.150238 >> :  AP1 Segment error or Dfferent account name or IP address
2022-07-05 22:01:37.134370 >> :  AP3 Segment error or Dfferent account name or IP address
2022-07-05 22:01:43.118149 >> :  AP5 Segment error or Dfferent account name or IP address
2022-07-05 22:01:46.349853 >> :  AP6 Segment error or Dfferent account name or IP address
2022-07-05 22:01:49.582239 >> :  AP7 Segment error or Dfferent account name or IP address
2022-07-05 22:01:52.814236 >> :  AP8 Segment error or Dfferent account name or IP address
2022-07-05 22:01:56.046116 >> :  AP9 Segment error or Dfferent account name or IP address
2022-07-05 22:01:56.214591 >> :  Cannot Create List Error
2022-07-05 22:02:38.126219 >> :  AP1 Segment error or Dfferent account name or IP address
2022-07-05 22:02:44.110140 >> :  AP3 Segment error or Dfferent account name or IP address
2022-07-05 22:02:50.126087 >> :  AP5 Segment error or Dfferent account name or IP address
2022-07-05 22:02:53.358061 >> :  AP6 Segment error or Dfferent account name or IP address
2022-07-05 22:02:56.590042 >> :  AP7 Segment error or Dfferent account name or IP address
2022-07-05 22:02:59.822048 >> :  AP8 Segment error or Dfferent account name or IP address
2022-07-05 22:03:03.054015 >> :  AP9 Segment error or Dfferent account name or IP address
2022-07-05 22:03:03.221857 >> :  Cannot Create List Error
2022-07-05 22:04:26.414441 >> :  AP1 Segment error or Dfferent account name or IP address
2022-07-05 22:04:32.398168 >> :  AP3 Segment error or Dfferent account name or IP address
2022-07-05 22:04:38.382119 >> :  AP5 Segment error or Dfferent account name or IP address
2022-07-05 22:04:41.614044 >> :  AP6 Segment error or Dfferent account name or IP address
2022-07-05 22:04:44.846236 >> :  AP7 Segment error or Dfferent account name or IP address
2022-07-05 22:04:48.078209 >> :  AP8 Segment error or Dfferent account name or IP address
2022-07-05 22:04:51.310170 >> :  AP9 Segment error or Dfferent account name or IP address
2022-07-05 22:06:18.702084 >> :  AP1 Segment error or Dfferent account name or IP address
2022-07-05 22:06:24.686211 >> :  AP3 Segment error or Dfferent account name or IP address
2022-07-05 22:06:34.845079 >> :  AP4 Segment error or Dfferent account name or IP address
2022-07-05 22:06:38.062227 >> :  AP5 Segment error or Dfferent account name or IP address
2022-07-05 22:06:41.294132 >> :  AP6 Segment error or Dfferent account name or IP address
2022-07-05 22:06:44.526072 >> :  AP7 Segment error or Dfferent account name or IP address
2022-07-05 22:06:47.758028 >> :  AP8 Segment error or Dfferent account name or IP address
2022-07-05 22:06:50.990120 >> :  AP9 Segment error or Dfferent account name or IP address
2022-07-05 22:07:48.750179 >> :  AP1 Segment error or Dfferent account name or IP address
2022-07-05 22:07:54.734279 >> :  AP3 Segment error or Dfferent account name or IP address
2022-07-05 22:08:04.893139 >> :  AP4 Segment error or Dfferent account name or IP address
2022-07-05 22:08:08.110345 >> :  AP5 Segment error or Dfferent account name or IP address
2022-07-05 22:08:11.341969 >> :  AP6 Segment error or Dfferent account name or IP address
2022-07-05 22:08:14.573974 >> :  AP7 Segment error or Dfferent account name or IP address
2022-07-05 22:08:17.806415 >> :  AP8 Segment error or Dfferent account name or IP address
2022-07-05 22:08:21.038046 >> :  AP9 Segment error or Dfferent account name or IP address
2022-07-05 22:10:38.478138 >> :  AP1 Segment error or Dfferent account name or IP address
2022-07-05 22:10:44.494256 >> :  AP3 Segment error or Dfferent account name or IP address
2022-07-05 22:10:47.726137 >> :  AP4 Segment error or Dfferent account name or IP address
2022-07-05 22:10:50.958078 >> :  AP5 Segment error or Dfferent account name or IP address
2022-07-05 22:10:54.190013 >> :  AP6 Segment error or Dfferent account name or IP address
2022-07-05 22:10:57.422045 >> :  AP7 Segment error or Dfferent account name or IP address
2022-07-05 22:11:00.653984 >> :  AP8 Segment error or Dfferent account name or IP address
2022-07-05 22:11:03.886411 >> :  AP9 Segment error or Dfferent account name or IP address
2022-07-05 22:20:54.734297 >> :  AP1 Segment error or Dfferent account name or IP address
2022-07-05 22:21:00.718214 >> :  AP3 Segment error or Dfferent account name or IP address
2022-07-05 22:21:06.702270 >> :  AP5 Segment error or Dfferent account name or IP address
2022-07-05 22:21:09.934120 >> :  AP6 Segment error or Dfferent account name or IP address
2022-07-05 22:21:13.166196 >> :  AP7 Segment error or Dfferent account name or IP address
2022-07-05 22:21:16.398104 >> :  AP8 Segment error or Dfferent account name or IP address
2022-07-05 22:21:19.630134 >> :  AP9 Segment error or Dfferent account name or IP address
2022-07-05 22:21:48.974085 >> :  AP1 Segment error or Dfferent account name or IP address
2022-07-05 22:21:54.958072 >> :  AP3 Segment error or Dfferent account name or IP address
2022-07-05 22:22:00.942269 >> :  AP5 Segment error or Dfferent account name or IP address
2022-07-05 22:22:04.174122 >> :  AP6 Segment error or Dfferent account name or IP address
2022-07-05 22:22:07.405971 >> :  AP7 Segment error or Dfferent account name or IP address
2022-07-05 22:22:10.638412 >> :  AP8 Segment error or Dfferent account name or IP address
2022-07-05 22:22:13.870407 >> :  AP9 Segment error or Dfferent account name or IP address
2022-07-05 22:23:34.541989 >> :  AP1 Segment error or Dfferent account name or IP address
2022-07-05 22:23:40.526135 >> :  AP3 Segment error or Dfferent account name or IP address
2022-07-05 22:23:46.510293 >> :  AP5 Segment error or Dfferent account name or IP address
2022-07-05 22:23:49.742248 >> :  AP6 Segment error or Dfferent account name or IP address
2022-07-05 22:23:52.974252 >> :  AP7 Segment error or Dfferent account name or IP address
2022-07-05 22:23:56.206144 >> :  AP8 Segment error or Dfferent account name or IP address
2022-07-05 22:23:59.438145 >> :  AP9 Segment error or Dfferent account name or IP address
2022-07-05 22:26:36.590060 >> :  AP1 Segment error or Dfferent account name or IP address
2022-07-05 22:26:42.574033 >> :  AP3 Segment error or Dfferent account name or IP address
2022-07-05 22:26:48.558105 >> :  AP5 Segment error or Dfferent account name or IP address
2022-07-05 22:26:51.790221 >> :  AP6 Segment error or Dfferent account name or IP address
2022-07-05 22:26:55.022109 >> :  AP7 Segment error or Dfferent account name or IP address
2022-07-05 22:26:58.254089 >> :  AP8 Segment error or Dfferent account name or IP address
2022-07-05 22:27:01.486152 >> :  AP9 Segment error or Dfferent account name or IP address
2022-07-05 22:28:10.030477 >> :  AP1 Segment error or Dfferent account name or IP address
2022-07-05 22:28:16.014359 >> :  AP3 Segment error or Dfferent account name or IP address
2022-07-05 22:28:21.998159 >> :  AP5 Segment error or Dfferent account name or IP address
2022-07-05 22:28:25.230296 >> :  AP6 Segment error or Dfferent account name or IP address
2022-07-05 22:28:28.462193 >> :  AP7 Segment error or Dfferent account name or IP address
2022-07-05 22:28:31.694249 >> :  AP8 Segment error or Dfferent account name or IP address
2022-07-05 22:28:34.926193 >> :  AP9 Segment error or Dfferent account name or IP address
2022-07-05 22:29:18.926132 >> :  AP1 Segment error or Dfferent account name or IP address
2022-07-05 22:29:24.754296 >> :  AP3 Segment error or Dfferent account name or IP address
2022-07-05 22:30:37.550060 >> :  AP1 Segment error or Dfferent account name or IP address
2022-07-05 22:30:43.534297 >> :  AP3 Segment error or Dfferent account name or IP address
2022-07-05 22:30:49.518293 >> :  AP5 Segment error or Dfferent account name or IP address
2022-07-05 22:30:52.750370 >> :  AP6 Segment error or Dfferent account name or IP address
2022-07-05 22:30:55.982226 >> :  AP7 Segment error or Dfferent account name or IP address
2022-07-05 22:30:59.214095 >> :  AP8 Segment error or Dfferent account name or IP address
2022-07-05 22:31:02.446208 >> :  AP9 Segment error or Dfferent account name or IP address
2022-07-05 22:33:56.046322 >> :  AP1 Segment error or Dfferent account name or IP address
2022-07-05 22:34:02.030337 >> :  AP3 Segment error or Dfferent account name or IP address
2022-07-05 22:34:08.014140 >> :  AP5 Segment error or Dfferent account name or IP address
2022-07-05 22:34:11.246118 >> :  AP6 Segment error or Dfferent account name or IP address
2022-07-05 22:34:14.478051 >> :  AP7 Segment error or Dfferent account name or IP address
2022-07-05 22:34:17.710573 >> :  AP8 Segment error or Dfferent account name or IP address
2022-07-05 22:34:20.941938 >> :  AP9 Segment error or Dfferent account name or IP address
2022-07-05 22:35:04.526160 >> :  AP1 Segment error or Dfferent account name or IP address
2022-07-05 22:35:10.510130 >> :  AP3 Segment error or Dfferent account name or IP address
2022-07-05 22:35:16.494178 >> :  AP5 Segment error or Dfferent account name or IP address
2022-07-05 22:35:19.726107 >> :  AP6 Segment error or Dfferent account name or IP address
2022-07-05 22:35:22.958133 >> :  AP7 Segment error or Dfferent account name or IP address
2022-07-05 22:35:26.190256 >> :  AP8 Segment error or Dfferent account name or IP address
2022-07-05 22:35:29.422064 >> :  AP9 Segment error or Dfferent account name or IP address
2022-07-05 22:39:48.206225 >> :  AP1 Segment error or Dfferent account name or IP address
2022-07-05 22:39:54.190327 >> :  AP3 Segment error or Dfferent account name or IP address
2022-07-05 22:40:00.174089 >> :  AP5 Segment error or Dfferent account name or IP address
2022-07-05 22:40:03.406018 >> :  AP6 Segment error or Dfferent account name or IP address
2022-07-05 22:40:06.638033 >> :  AP7 Segment error or Dfferent account name or IP address
2022-07-05 22:40:09.869955 >> :  AP8 Segment error or Dfferent account name or IP address
2022-07-05 22:40:13.102092 >> :  AP9 Segment error or Dfferent account name or IP address
2022-07-05 22:41:09.806047 >> :  AP1 Segment error or Dfferent account name or IP address
2022-07-05 22:41:15.790254 >> :  AP3 Segment error or Dfferent account name or IP address
2022-07-05 22:41:21.774169 >> :  AP5 Segment error or Dfferent account name or IP address
2022-07-05 22:41:25.006155 >> :  AP6 Segment error or Dfferent account name or IP address
2022-07-05 22:41:28.238063 >> :  AP7 Segment error or Dfferent account name or IP address
2022-07-05 22:41:31.470122 >> :  AP8 Segment error or Dfferent account name or IP address
2022-07-05 22:41:34.702175 >> :  AP9 Segment error or Dfferent account name or IP address
2022-07-05 22:42:38.798353 >> :  AP1 Segment error or Dfferent account name or IP address
2022-07-05 22:42:44.782163 >> :  AP3 Segment error or Dfferent account name or IP address
2022-07-05 22:42:50.766176 >> :  AP5 Segment error or Dfferent account name or IP address
2022-07-05 22:42:53.998136 >> :  AP6 Segment error or Dfferent account name or IP address
2022-07-05 22:42:57.230075 >> :  AP7 Segment error or Dfferent account name or IP address
2022-07-05 22:43:00.462102 >> :  AP8 Segment error or Dfferent account name or IP address
2022-07-05 22:43:03.694178 >> :  AP9 Segment error or Dfferent account name or IP address
2022-07-05 22:46:45.966297 >> :  AP1 Segment error or Dfferent account name or IP address
2022-07-05 22:46:51.950107 >> :  AP3 Segment error or Dfferent account name or IP address
2022-07-05 22:46:57.934336 >> :  AP5 Segment error or Dfferent account name or IP address
2022-07-05 22:47:01.166248 >> :  AP6 Segment error or Dfferent account name or IP address
2022-07-05 22:47:04.398176 >> :  AP7 Segment error or Dfferent account name or IP address
2022-07-05 22:47:07.629983 >> :  AP8 Segment error or Dfferent account name or IP address
2022-07-05 22:47:10.862089 >> :  AP9 Segment error or Dfferent account name or IP address
2022-07-05 22:49:42.478240 >> :  AP1 Segment error or Dfferent account name or IP address
2022-07-05 22:49:48.462217 >> :  AP3 Segment error or Dfferent account name or IP address
2022-07-05 22:49:54.446180 >> :  AP5 Segment error or Dfferent account name or IP address
2022-07-05 22:49:57.678136 >> :  AP6 Segment error or Dfferent account name or IP address
2022-07-05 22:50:00.910043 >> :  AP7 Segment error or Dfferent account name or IP address
2022-07-05 22:50:04.142146 >> :  AP8 Segment error or Dfferent account name or IP address
2022-07-05 22:50:07.374077 >> :  AP9 Segment error or Dfferent account name or IP address
2022-07-05 22:51:44.046240 >> :  AP1 Segment error or Dfferent account name or IP address
2022-07-05 22:51:50.030088 >> :  AP3 Segment error or Dfferent account name or IP address
2022-07-05 22:51:56.014089 >> :  AP5 Segment error or Dfferent account name or IP address
2022-07-05 22:51:59.246065 >> :  AP6 Segment error or Dfferent account name or IP address
2022-07-05 22:52:02.478105 >> :  AP7 Segment error or Dfferent account name or IP address
2022-07-05 22:52:05.710163 >> :  AP8 Segment error or Dfferent account name or IP address
2022-07-05 22:52:08.942006 >> :  AP9 Segment error or Dfferent account name or IP address
2022-07-05 22:52:55.950206 >> :  AP1 Segment error or Dfferent account name or IP address
2022-07-05 22:53:01.934367 >> :  AP3 Segment error or Dfferent account name or IP address
2022-07-05 22:53:07.918344 >> :  AP5 Segment error or Dfferent account name or IP address
2022-07-05 22:53:11.150077 >> :  AP6 Segment error or Dfferent account name or IP address
2022-07-05 22:53:14.382107 >> :  AP7 Segment error or Dfferent account name or IP address
2022-07-05 22:53:17.614146 >> :  AP8 Segment error or Dfferent account name or IP address
2022-07-05 22:53:20.846152 >> :  AP9 Segment error or Dfferent account name or IP address
2022-07-05 22:55:39.790116 >> :  AP1 Segment error or Dfferent account name or IP address
2022-07-05 22:55:42.938279 >> :  AP3 Segment error or Dfferent account name or IP address
2022-07-05 22:56:34.189936 >> :  AP1 Segment error or Dfferent account name or IP address
2022-07-05 22:56:40.366167 >> :  AP3 Segment error or Dfferent account name or IP address
2022-07-05 22:56:46.350128 >> :  AP5 Segment error or Dfferent account name or IP address
2022-07-05 22:56:49.582022 >> :  AP6 Segment error or Dfferent account name or IP address
2022-07-05 22:56:52.814011 >> :  AP7 Segment error or Dfferent account name or IP address
2022-07-05 22:56:56.046002 >> :  AP8 Segment error or Dfferent account name or IP address
2022-07-05 22:56:59.277982 >> :  AP9 Segment error or Dfferent account name or IP address
2022-07-05 22:56:59.456776 >> :  Cannot Create List Error
2022-07-05 22:57:44.878087 >> :  AP1 Segment error or Dfferent account name or IP address
2022-07-05 22:57:50.862069 >> :  AP3 Segment error or Dfferent account name or IP address
2022-07-05 22:57:56.846151 >> :  AP5 Segment error or Dfferent account name or IP address
2022-07-05 22:58:00.078092 >> :  AP6 Segment error or Dfferent account name or IP address
2022-07-05 22:58:03.310000 >> :  AP7 Segment error or Dfferent account name or IP address
2022-07-05 22:58:06.541947 >> :  AP8 Segment error or Dfferent account name or IP address
2022-07-05 22:58:09.773984 >> :  AP9 Segment error or Dfferent account name or IP address
2022-07-05 22:58:09.964366 >> :  Cannot Create List Error
2022-07-05 22:58:47.406415 >> :  AP1 Segment error or Dfferent account name or IP address
2022-07-05 22:58:53.390308 >> :  AP3 Segment error or Dfferent account name or IP address
2022-07-05 22:58:59.374098 >> :  AP5 Segment error or Dfferent account name or IP address
2022-07-05 22:59:02.606041 >> :  AP6 Segment error or Dfferent account name or IP address
2022-07-05 22:59:05.837909 >> :  AP7 Segment error or Dfferent account name or IP address
2022-07-05 22:59:09.070012 >> :  AP8 Segment error or Dfferent account name or IP address
2022-07-05 22:59:12.302033 >> :  AP9 Segment error or Dfferent account name or IP address
2022-07-05 22:59:12.491753 >> :  Cannot Create List Error
2022-07-05 23:02:51.630237 >> :  AP1 Segment error or Dfferent account name or IP address
2022-07-05 23:02:57.614210 >> :  AP3 Segment error or Dfferent account name or IP address
2022-07-05 23:03:03.598029 >> :  AP5 Segment error or Dfferent account name or IP address
2022-07-05 23:03:06.830076 >> :  AP6 Segment error or Dfferent account name or IP address
2022-07-05 23:03:10.062102 >> :  AP7 Segment error or Dfferent account name or IP address
2022-07-05 23:03:13.294087 >> :  AP8 Segment error or Dfferent account name or IP address
2022-07-05 23:03:16.526340 >> :  AP9 Segment error or Dfferent account name or IP address
2022-07-05 23:03:16.715720 >> :  Cannot Create List Error
2022-07-05 23:05:59.566310 >> :  AP1 Segment error or Dfferent account name or IP address
2022-07-05 23:06:05.550044 >> :  AP3 Segment error or Dfferent account name or IP address
2022-07-05 23:06:11.534189 >> :  AP5 Segment error or Dfferent account name or IP address
2022-07-05 23:06:14.766203 >> :  AP6 Segment error or Dfferent account name or IP address
2022-07-05 23:06:17.998324 >> :  AP7 Segment error or Dfferent account name or IP address
2022-07-05 23:06:21.230218 >> :  AP8 Segment error or Dfferent account name or IP address
2022-07-05 23:06:24.462086 >> :  AP9 Segment error or Dfferent account name or IP address
2022-07-05 23:06:24.661670 >> :  Cannot Create List Error
2022-07-05 23:07:09.902495 >> :  AP1 Segment error or Dfferent account name or IP address
2022-07-05 23:07:15.886197 >> :  AP3 Segment error or Dfferent account name or IP address
2022-07-05 23:07:21.870040 >> :  AP5 Segment error or Dfferent account name or IP address
2022-07-05 23:07:25.102079 >> :  AP6 Segment error or Dfferent account name or IP address
2022-07-05 23:07:28.334087 >> :  AP7 Segment error or Dfferent account name or IP address
2022-07-05 23:07:31.566077 >> :  AP8 Segment error or Dfferent account name or IP address
2022-07-05 23:07:34.798189 >> :  AP9 Segment error or Dfferent account name or IP address
2022-07-05 23:07:34.997414 >> :  Cannot Create List Error
2022-07-05 23:08:02.286076 >> :  AP1 Segment error or Dfferent account name or IP address
2022-07-05 23:08:08.270247 >> :  AP3 Segment error or Dfferent account name or IP address
2022-07-05 23:08:14.253894 >> :  AP5 Segment error or Dfferent account name or IP address
2022-07-05 23:08:17.486060 >> :  AP6 Segment error or Dfferent account name or IP address
2022-07-05 23:08:20.718071 >> :  AP7 Segment error or Dfferent account name or IP address
2022-07-05 23:08:23.950072 >> :  AP8 Segment error or Dfferent account name or IP address
2022-07-05 23:08:27.182148 >> :  AP9 Segment error or Dfferent account name or IP address
2022-07-05 23:09:18.318337 >> :  AP1 Segment error or Dfferent account name or IP address
2022-07-05 23:09:24.302209 >> :  AP3 Segment error or Dfferent account name or IP address
2022-07-05 23:09:30.286237 >> :  AP5 Segment error or Dfferent account name or IP address
2022-07-05 23:09:33.518216 >> :  AP6 Segment error or Dfferent account name or IP address
2022-07-05 23:09:36.750109 >> :  AP7 Segment error or Dfferent account name or IP address
2022-07-05 23:09:39.982180 >> :  AP8 Segment error or Dfferent account name or IP address
2022-07-05 23:09:43.214086 >> :  AP9 Segment error or Dfferent account name or IP address
2022-07-05 23:10:10.702143 >> :  AP1 Segment error or Dfferent account name or IP address
2022-07-05 23:10:16.686184 >> :  AP3 Segment error or Dfferent account name or IP address
2022-07-05 23:10:22.670100 >> :  AP5 Segment error or Dfferent account name or IP address
2022-07-05 23:10:25.902033 >> :  AP6 Segment error or Dfferent account name or IP address
2022-07-05 23:10:29.134176 >> :  AP7 Segment error or Dfferent account name or IP address
2022-07-05 23:10:32.366040 >> :  AP8 Segment error or Dfferent account name or IP address
2022-07-05 23:10:35.597983 >> :  AP9 Segment error or Dfferent account name or IP address
2022-07-05 23:11:11.694026 >> :  AP1 Segment error or Dfferent account name or IP address
2022-07-05 23:11:17.678311 >> :  AP3 Segment error or Dfferent account name or IP address
2022-07-05 23:11:23.662103 >> :  AP5 Segment error or Dfferent account name or IP address
2022-07-05 23:11:26.893954 >> :  AP6 Segment error or Dfferent account name or IP address
2022-07-05 23:11:30.126122 >> :  AP7 Segment error or Dfferent account name or IP address
2022-07-05 23:11:33.358070 >> :  AP8 Segment error or Dfferent account name or IP address
2022-07-05 23:11:36.590059 >> :  AP9 Segment error or Dfferent account name or IP address
2022-07-05 23:12:58.350175 >> :  AP1 Segment error or Dfferent account name or IP address
2022-07-05 23:13:04.334133 >> :  AP3 Segment error or Dfferent account name or IP address
2022-07-05 23:13:10.318187 >> :  AP5 Segment error or Dfferent account name or IP address
2022-07-05 23:13:13.549955 >> :  AP6 Segment error or Dfferent account name or IP address
2022-07-05 23:13:16.781981 >> :  AP7 Segment error or Dfferent account name or IP address
2022-07-05 23:13:20.014015 >> :  AP8 Segment error or Dfferent account name or IP address
2022-07-05 23:13:23.245998 >> :  AP9 Segment error or Dfferent account name or IP address
2022-07-05 23:14:30.030137 >> :  AP1 Segment error or Dfferent account name or IP address
2022-07-05 23:14:36.014148 >> :  AP3 Segment error or Dfferent account name or IP address
2022-07-05 23:14:41.998138 >> :  AP5 Segment error or Dfferent account name or IP address
2022-07-05 23:14:45.230029 >> :  AP6 Segment error or Dfferent account name or IP address
2022-07-05 23:14:48.462198 >> :  AP7 Segment error or Dfferent account name or IP address
2022-07-05 23:14:51.694085 >> :  AP8 Segment error or Dfferent account name or IP address
2022-07-05 23:14:54.926040 >> :  AP9 Segment error or Dfferent account name or IP address
2022-07-05 23:15:11.566190 >> :  AP1 Segment error or Dfferent account name or IP address
2022-07-05 23:15:17.518249 >> :  AP3 Segment error or Dfferent account name or IP address
2022-07-05 23:15:23.502150 >> :  AP5 Segment error or Dfferent account name or IP address
2022-07-05 23:15:26.734034 >> :  AP6 Segment error or Dfferent account name or IP address
2022-07-05 23:15:29.965594 >> :  AP7 Segment error or Dfferent account name or IP address
2022-07-05 23:15:33.198084 >> :  AP8 Segment error or Dfferent account name or IP address
2022-07-05 23:15:36.430281 >> :  AP9 Segment error or Dfferent account name or IP address
2022-07-06 00:27:43.630045 >> :  AP1 Segment error or Dfferent account name or IP address
2022-07-06 00:27:44.028502 >> :  AP2 Failed password login
2022-07-06 00:27:47.246146 >> :  AP3 Segment error or Dfferent account name or IP address
2022-07-06 00:27:47.643810 >> :  AP4 Failed password login
2022-07-06 00:27:50.862196 >> :  AP5 Segment error or Dfferent account name or IP address
2022-07-06 00:27:54.094067 >> :  AP6 Segment error or Dfferent account name or IP address
2022-07-06 00:27:57.326116 >> :  AP7 Segment error or Dfferent account name or IP address
2022-07-06 00:28:00.557951 >> :  AP8 Segment error or Dfferent account name or IP address
2022-07-06 00:28:03.790116 >> :  AP9 Segment error or Dfferent account name or IP address
2022-07-06 00:29:16.110096 >> :  AP1 Segment error or Dfferent account name or IP address
2022-07-06 00:29:22.094041 >> :  AP3 Segment error or Dfferent account name or IP address
2022-07-06 00:29:28.078157 >> :  AP5 Segment error or Dfferent account name or IP address
2022-07-06 00:29:31.309952 >> :  AP6 Segment error or Dfferent account name or IP address
2022-07-06 00:29:34.541996 >> :  AP7 Segment error or Dfferent account name or IP address
2022-07-06 00:29:37.774129 >> :  AP8 Segment error or Dfferent account name or IP address
2022-07-06 00:29:41.005924 >> :  AP9 Segment error or Dfferent account name or IP address
2022-07-08 14:04:10.778362 >> :  AP1 Segment error or Dfferent account name or IP address
2022-07-08 14:04:11.236449 >> :  AP2 Failed password login
2022-07-08 14:04:17.530064 >> :  AP3 Segment error or Dfferent account name or IP address
2022-07-08 14:04:37.818583 >> :  AP4 Segment error or Dfferent account name or IP address
2022-07-08 14:04:44.218020 >> :  AP5 Segment error or Dfferent account name or IP address
2022-07-08 14:04:50.618081 >> :  AP6 Segment error or Dfferent account name or IP address
2022-07-08 14:04:57.018022 >> :  AP7 Segment error or Dfferent account name or IP address
2022-07-08 14:05:03.418118 >> :  AP8 Segment error or Dfferent account name or IP address
2022-07-08 14:05:09.817931 >> :  AP9 Segment error or Dfferent account name or IP address
2022-07-08 14:07:51.641947 >> :  AP1 Segment error or Dfferent account name or IP address
2022-07-08 14:07:52.095712 >> :  AP2 Failed password login
2022-07-08 14:07:58.393907 >> :  AP3 Segment error or Dfferent account name or IP address
2022-07-08 14:07:58.844897 >> :  AP4 Failed password login
2022-07-08 14:08:05.145872 >> :  AP5 Segment error or Dfferent account name or IP address
2022-07-08 14:08:11.546091 >> :  AP6 Segment error or Dfferent account name or IP address
2022-07-08 14:08:17.945991 >> :  AP7 Segment error or Dfferent account name or IP address
2022-07-08 14:08:24.345824 >> :  AP8 Segment error or Dfferent account name or IP address
2022-07-08 14:08:30.745963 >> :  AP9 Segment error or Dfferent account name or IP address
2022-07-08 14:09:02.618272 >> :  AP1 Segment error or Dfferent account name or IP address
2022-07-08 14:09:03.068930 >> :  AP2 Failed password login
2022-07-08 14:09:09.370033 >> :  AP3 Segment error or Dfferent account name or IP address
2022-07-08 14:09:09.823540 >> :  AP4 Failed password login
2022-07-08 14:09:16.121935 >> :  AP5 Segment error or Dfferent account name or IP address
2022-07-08 14:09:22.521941 >> :  AP6 Segment error or Dfferent account name or IP address
2022-07-08 14:09:27.118459 >> :  AP7 Segment error or Dfferent account name or IP address
2022-07-08 14:10:41.562017 >> :  AP1 Segment error or Dfferent account name or IP address
2022-07-08 14:10:50.714053 >> :  AP3 Segment error or Dfferent account name or IP address
2022-07-08 14:10:59.866023 >> :  AP5 Segment error or Dfferent account name or IP address
2022-07-08 14:11:06.266037 >> :  AP6 Segment error or Dfferent account name or IP address
2022-07-08 14:11:12.666289 >> :  AP7 Segment error or Dfferent account name or IP address
2022-07-08 14:11:19.066050 >> :  AP8 Segment error or Dfferent account name or IP address
2022-07-08 14:11:25.466006 >> :  AP9 Segment error or Dfferent account name or IP address
2022-07-08 14:12:17.049946 >> :  AP1 Segment error or Dfferent account name or IP address
2022-07-08 14:12:26.201943 >> :  AP3 Segment error or Dfferent account name or IP address
2022-07-08 14:12:35.353927 >> :  AP5 Segment error or Dfferent account name or IP address
2022-07-08 14:12:41.753817 >> :  AP6 Segment error or Dfferent account name or IP address
2022-07-08 14:12:48.153868 >> :  AP7 Segment error or Dfferent account name or IP address
2022-07-08 14:12:54.553860 >> :  AP8 Segment error or Dfferent account name or IP address
2022-07-08 14:13:00.953989 >> :  AP9 Segment error or Dfferent account name or IP address
2022-07-08 14:55:35.354089 >> :  AP1 Segment error or Dfferent account name or IP address
2022-07-08 14:55:41.753951 >> :  AP2 Segment error or Dfferent account name or IP address
2022-07-08 14:55:48.154035 >> :  AP3 Segment error or Dfferent account name or IP address
2022-07-08 14:55:54.554295 >> :  AP4 Segment error or Dfferent account name or IP address
2022-07-08 14:56:00.954226 >> :  AP5 Segment error or Dfferent account name or IP address
2022-07-08 14:56:07.354134 >> :  AP6 Segment error or Dfferent account name or IP address
2022-07-08 14:56:13.753993 >> :  AP7 Segment error or Dfferent account name or IP address
2022-07-08 14:56:20.154168 >> :  AP8 Segment error or Dfferent account name or IP address
2022-07-08 14:56:26.553944 >> :  AP9 Segment error or Dfferent account name or IP address
